<?xml version="1.0" encoding="UTF-8"?>
<testsuite name="kz.revolut.interview.url_shortener.UrlShortenerServiceImplTest" tests="5" skipped="0" failures="0" errors="0" timestamp="2025-03-10T10:37:02" hostname="NURLAN" time="1.253">
  <properties/>
  <testcase name="getOriginalUrl__noOriginal()" classname="kz.revolut.interview.url_shortener.UrlShortenerServiceImplTest" time="0.699"/>
  <testcase name="shortUrl__reachRetryLimit()" classname="kz.revolut.interview.url_shortener.UrlShortenerServiceImplTest" time="0.042"/>
  <testcase name="shortUrl__firstCall()" classname="kz.revolut.interview.url_shortener.UrlShortenerServiceImplTest" time="0.431"/>
  <testcase name="getOriginalUrl()" classname="kz.revolut.interview.url_shortener.UrlShortenerServiceImplTest" time="0.043"/>
  <testcase name="shortUrl__sameUrl()" classname="kz.revolut.interview.url_shortener.UrlShortenerServiceImplTest" time="0.025"/>
  <system-out><![CDATA[]]></system-out>
  <system-err><![CDATA[]]></system-err>
</testsuite>
